Info: *******************************************************************
Info: Running Quartus Prime Fitter
    Info: Version 20.1.0 Build 711 06/05/2020 SJ Lite Edition
    Info: Copyright (C) 2020  Intel Corporation. All rights reserved.
    Info: Your use of Intel Corporation's design tools, logic functions 
    Info: and other software and tools, and any partner logic 
    Info: functions, and any output files from any of the foregoing 
    Info: (including device programming or simulation files), and any 
    Info: associated documentation or information are expressly subject 
    Info: to the terms and conditions of the Intel Program License 
    Info: Subscription Agreement, the Intel Quartus Prime License Agreement,
    Info: the Intel FPGA IP License Agreement, or other applicable license
    Info: agreement, including, without limitation, that your use is for
    Info: the sole purpose of programming logic devices manufactured by
    Info: Intel and sold by Intel or its authorized distributors.  Please
    Info: refer to the applicable agreement for further details, at
    Info: https://fpgasoftware.intel.com/eula.
    Info: Processing started: Tue Oct 14 17:54:26 2025
Info: Command: quartus_fit ads_bus_system
Info: qfit2_default_script.tcl version: #1
Info: Project  = ads_bus_system
Info: Revision = ads_bus_system
Info (16303): Aggressive Performance optimization mode selected -- timing performance will be prioritized at the potential cost of increased logic area and compilation time
Warning (18236): Number of processors has not been specified which may cause overloading on shared machines.  Set the global assignment NUM_PARALLEL_PROCESSORS in your QSF to an appropriate value for best performance.
Info (20030): Parallel compilation is enabled and will use 8 of the 8 processors detected
Info (119006): Selected device 5CSEBA6U23I7 for design "ads_bus_system"
Info (21077): Low junction temperature is 0 degrees C
Info (21077): High junction temperature is 85 degrees C
Info (171004): Fitter is performing a Standard Fit compilation using maximum Fitter effort to optimize design performance
Warning (292013): Feature LogicLock is only available with a valid subscription license. You can purchase a software subscription to gain full access to this feature.
Warning (15714): Some pins have incomplete I/O assignments. Refer to the I/O Assignment Warnings report for details
Info (176045): Design uses memory blocks. Violating setup or hold times of memory block address registers for either read or write operations could cause memory contents to be corrupted. Make sure that all memory block address registers meet the setup and hold time requirements.
Info (184020): Starting Fitter periphery placement operations
Info (11191): Automatically promoted 1 clock (1 global)
    Info (11162): FPGA_CLK1_50~inputCLKENA0 with 372 fanout uses global clock CLKCTRL_G6
Info (184021): Fitter periphery placement operations ending: elapsed time is 00:00:00
Info (176233): Starting register packing
Info (332104): Reading SDC File: '../constraints/ads_bus_system.sdc'
Info (332151): Clock uncertainty is not calculated until you update the timing netlist.
Warning (332054): Assignment set_input_delay is accepted but has some problems at ads_bus_system.sdc(37): Positional argument <targets> with value [get_ports {GPIO_M1_*}]: Port GPIO_M1_RDATA is not an input port. File: /home/prabathbk/ads_bus/da-bus/Serial/constraints/ads_bus_system.sdc Line: 37
    Info (332050): set_input_delay -clock [get_clocks {FPGA_CLK1_50}] -min 1.000 [get_ports {GPIO_M1_*}] File: /home/prabathbk/ads_bus/da-bus/Serial/constraints/ads_bus_system.sdc Line: 37
Warning (332054): Assignment set_input_delay is accepted but has some problems at ads_bus_system.sdc(37): Positional argument <targets> with value [get_ports {GPIO_M1_*}]: Port GPIO_M1_SVALID is not an input port. File: /home/prabathbk/ads_bus/da-bus/Serial/constraints/ads_bus_system.sdc Line: 37
Warning (332054): Assignment set_input_delay is accepted but has some problems at ads_bus_system.sdc(37): Positional argument <targets> with value [get_ports {GPIO_M1_*}]: Port GPIO_M1_BGRANT is not an input port. File: /home/prabathbk/ads_bus/da-bus/Serial/constraints/ads_bus_system.sdc Line: 37
Warning (332054): Assignment set_input_delay is accepted but has some problems at ads_bus_system.sdc(37): Positional argument <targets> with value [get_ports {GPIO_M1_*}]: Port GPIO_M1_ACK is not an input port. File: /home/prabathbk/ads_bus/da-bus/Serial/constraints/ads_bus_system.sdc Line: 37
Warning (332054): Assignment set_input_delay is accepted but has some problems at ads_bus_system.sdc(37): Positional argument <targets> with value [get_ports {GPIO_M1_*}]: Port GPIO_M1_SPLIT is not an input port. File: /home/prabathbk/ads_bus/da-bus/Serial/constraints/ads_bus_system.sdc Line: 37
Warning (332054): Assignment set_input_delay is accepted but has some problems at ads_bus_system.sdc(38): Positional argument <targets> with value [get_ports {GPIO_M1_*}]: Port GPIO_M1_RDATA is not an input port. File: /home/prabathbk/ads_bus/da-bus/Serial/constraints/ads_bus_system.sdc Line: 38
    Info (332050): set_input_delay -clock [get_clocks {FPGA_CLK1_50}] -max 3.000 [get_ports {GPIO_M1_*}] File: /home/prabathbk/ads_bus/da-bus/Serial/constraints/ads_bus_system.sdc Line: 38
Warning (332054): Assignment set_input_delay is accepted but has some problems at ads_bus_system.sdc(38): Positional argument <targets> with value [get_ports {GPIO_M1_*}]: Port GPIO_M1_SVALID is not an input port. File: /home/prabathbk/ads_bus/da-bus/Serial/constraints/ads_bus_system.sdc Line: 38
Warning (332054): Assignment set_input_delay is accepted but has some problems at ads_bus_system.sdc(38): Positional argument <targets> with value [get_ports {GPIO_M1_*}]: Port GPIO_M1_BGRANT is not an input port. File: /home/prabathbk/ads_bus/da-bus/Serial/constraints/ads_bus_system.sdc Line: 38
Warning (332054): Assignment set_input_delay is accepted but has some problems at ads_bus_system.sdc(38): Positional argument <targets> with value [get_ports {GPIO_M1_*}]: Port GPIO_M1_ACK is not an input port. File: /home/prabathbk/ads_bus/da-bus/Serial/constraints/ads_bus_system.sdc Line: 38
Warning (332054): Assignment set_input_delay is accepted but has some problems at ads_bus_system.sdc(38): Positional argument <targets> with value [get_ports {GPIO_M1_*}]: Port GPIO_M1_SPLIT is not an input port. File: /home/prabathbk/ads_bus/da-bus/Serial/constraints/ads_bus_system.sdc Line: 38
Warning (332054): Assignment set_input_delay is accepted but has some problems at ads_bus_system.sdc(39): Positional argument <targets> with value [get_ports {GPIO_M2_*}]: Port GPIO_M2_RDATA is not an input port. File: /home/prabathbk/ads_bus/da-bus/Serial/constraints/ads_bus_system.sdc Line: 39
    Info (332050): set_input_delay -clock [get_clocks {FPGA_CLK1_50}] -min 1.000 [get_ports {GPIO_M2_*}] File: /home/prabathbk/ads_bus/da-bus/Serial/constraints/ads_bus_system.sdc Line: 39
Warning (332054): Assignment set_input_delay is accepted but has some problems at ads_bus_system.sdc(39): Positional argument <targets> with value [get_ports {GPIO_M2_*}]: Port GPIO_M2_SVALID is not an input port. File: /home/prabathbk/ads_bus/da-bus/Serial/constraints/ads_bus_system.sdc Line: 39
Warning (332054): Assignment set_input_delay is accepted but has some problems at ads_bus_system.sdc(39): Positional argument <targets> with value [get_ports {GPIO_M2_*}]: Port GPIO_M2_BGRANT is not an input port. File: /home/prabathbk/ads_bus/da-bus/Serial/constraints/ads_bus_system.sdc Line: 39
Warning (332054): Assignment set_input_delay is accepted but has some problems at ads_bus_system.sdc(39): Positional argument <targets> with value [get_ports {GPIO_M2_*}]: Port GPIO_M2_ACK is not an input port. File: /home/prabathbk/ads_bus/da-bus/Serial/constraints/ads_bus_system.sdc Line: 39
Warning (332054): Assignment set_input_delay is accepted but has some problems at ads_bus_system.sdc(39): Positional argument <targets> with value [get_ports {GPIO_M2_*}]: Port GPIO_M2_SPLIT is not an input port. File: /home/prabathbk/ads_bus/da-bus/Serial/constraints/ads_bus_system.sdc Line: 39
Warning (332054): Assignment set_input_delay is accepted but has some problems at ads_bus_system.sdc(40): Positional argument <targets> with value [get_ports {GPIO_M2_*}]: Port GPIO_M2_RDATA is not an input port. File: /home/prabathbk/ads_bus/da-bus/Serial/constraints/ads_bus_system.sdc Line: 40
    Info (332050): set_input_delay -clock [get_clocks {FPGA_CLK1_50}] -max 3.000 [get_ports {GPIO_M2_*}] File: /home/prabathbk/ads_bus/da-bus/Serial/constraints/ads_bus_system.sdc Line: 40
Warning (332054): Assignment set_input_delay is accepted but has some problems at ads_bus_system.sdc(40): Positional argument <targets> with value [get_ports {GPIO_M2_*}]: Port GPIO_M2_SVALID is not an input port. File: /home/prabathbk/ads_bus/da-bus/Serial/constraints/ads_bus_system.sdc Line: 40
Warning (332054): Assignment set_input_delay is accepted but has some problems at ads_bus_system.sdc(40): Positional argument <targets> with value [get_ports {GPIO_M2_*}]: Port GPIO_M2_BGRANT is not an input port. File: /home/prabathbk/ads_bus/da-bus/Serial/constraints/ads_bus_system.sdc Line: 40
Warning (332054): Assignment set_input_delay is accepted but has some problems at ads_bus_system.sdc(40): Positional argument <targets> with value [get_ports {GPIO_M2_*}]: Port GPIO_M2_ACK is not an input port. File: /home/prabathbk/ads_bus/da-bus/Serial/constraints/ads_bus_system.sdc Line: 40
Warning (332054): Assignment set_input_delay is accepted but has some problems at ads_bus_system.sdc(40): Positional argument <targets> with value [get_ports {GPIO_M2_*}]: Port GPIO_M2_SPLIT is not an input port. File: /home/prabathbk/ads_bus/da-bus/Serial/constraints/ads_bus_system.sdc Line: 40
Warning (332054): Assignment set_output_delay is accepted but has some problems at ads_bus_system.sdc(49): Positional argument <targets> with value [get_ports {GPIO_M1_*}]: Port GPIO_M1_WDATA is not an output port. File: /home/prabathbk/ads_bus/da-bus/Serial/constraints/ads_bus_system.sdc Line: 49
    Info (332050): set_output_delay -clock [get_clocks {FPGA_CLK1_50}] -min 0.000 [get_ports {GPIO_M1_*}] File: /home/prabathbk/ads_bus/da-bus/Serial/constraints/ads_bus_system.sdc Line: 49
Warning (332054): Assignment set_output_delay is accepted but has some problems at ads_bus_system.sdc(49): Positional argument <targets> with value [get_ports {GPIO_M1_*}]: Port GPIO_M1_MODE is not an output port. File: /home/prabathbk/ads_bus/da-bus/Serial/constraints/ads_bus_system.sdc Line: 49
Warning (332054): Assignment set_output_delay is accepted but has some problems at ads_bus_system.sdc(49): Positional argument <targets> with value [get_ports {GPIO_M1_*}]: Port GPIO_M1_MVALID is not an output port. File: /home/prabathbk/ads_bus/da-bus/Serial/constraints/ads_bus_system.sdc Line: 49
Warning (332054): Assignment set_output_delay is accepted but has some problems at ads_bus_system.sdc(49): Positional argument <targets> with value [get_ports {GPIO_M1_*}]: Port GPIO_M1_BREQ is not an output port. File: /home/prabathbk/ads_bus/da-bus/Serial/constraints/ads_bus_system.sdc Line: 49
Warning (332054): Assignment set_output_delay is accepted but has some problems at ads_bus_system.sdc(50): Positional argument <targets> with value [get_ports {GPIO_M1_*}]: Port GPIO_M1_WDATA is not an output port. File: /home/prabathbk/ads_bus/da-bus/Serial/constraints/ads_bus_system.sdc Line: 50
    Info (332050): set_output_delay -clock [get_clocks {FPGA_CLK1_50}] -max 2.000 [get_ports {GPIO_M1_*}] File: /home/prabathbk/ads_bus/da-bus/Serial/constraints/ads_bus_system.sdc Line: 50
Warning (332054): Assignment set_output_delay is accepted but has some problems at ads_bus_system.sdc(50): Positional argument <targets> with value [get_ports {GPIO_M1_*}]: Port GPIO_M1_MODE is not an output port. File: /home/prabathbk/ads_bus/da-bus/Serial/constraints/ads_bus_system.sdc Line: 50
Warning (332054): Assignment set_output_delay is accepted but has some problems at ads_bus_system.sdc(50): Positional argument <targets> with value [get_ports {GPIO_M1_*}]: Port GPIO_M1_MVALID is not an output port. File: /home/prabathbk/ads_bus/da-bus/Serial/constraints/ads_bus_system.sdc Line: 50
Warning (332054): Assignment set_output_delay is accepted but has some problems at ads_bus_system.sdc(50): Positional argument <targets> with value [get_ports {GPIO_M1_*}]: Port GPIO_M1_BREQ is not an output port. File: /home/prabathbk/ads_bus/da-bus/Serial/constraints/ads_bus_system.sdc Line: 50
Warning (332054): Assignment set_output_delay is accepted but has some problems at ads_bus_system.sdc(51): Positional argument <targets> with value [get_ports {GPIO_M2_*}]: Port GPIO_M2_WDATA is not an output port. File: /home/prabathbk/ads_bus/da-bus/Serial/constraints/ads_bus_system.sdc Line: 51
    Info (332050): set_output_delay -clock [get_clocks {FPGA_CLK1_50}] -min 0.000 [get_ports {GPIO_M2_*}] File: /home/prabathbk/ads_bus/da-bus/Serial/constraints/ads_bus_system.sdc Line: 51
Warning (332054): Assignment set_output_delay is accepted but has some problems at ads_bus_system.sdc(51): Positional argument <targets> with value [get_ports {GPIO_M2_*}]: Port GPIO_M2_MODE is not an output port. File: /home/prabathbk/ads_bus/da-bus/Serial/constraints/ads_bus_system.sdc Line: 51
Warning (332054): Assignment set_output_delay is accepted but has some problems at ads_bus_system.sdc(51): Positional argument <targets> with value [get_ports {GPIO_M2_*}]: Port GPIO_M2_MVALID is not an output port. File: /home/prabathbk/ads_bus/da-bus/Serial/constraints/ads_bus_system.sdc Line: 51
Warning (332054): Assignment set_output_delay is accepted but has some problems at ads_bus_system.sdc(51): Positional argument <targets> with value [get_ports {GPIO_M2_*}]: Port GPIO_M2_BREQ is not an output port. File: /home/prabathbk/ads_bus/da-bus/Serial/constraints/ads_bus_system.sdc Line: 51
Warning (332054): Assignment set_output_delay is accepted but has some problems at ads_bus_system.sdc(52): Positional argument <targets> with value [get_ports {GPIO_M2_*}]: Port GPIO_M2_WDATA is not an output port. File: /home/prabathbk/ads_bus/da-bus/Serial/constraints/ads_bus_system.sdc Line: 52
    Info (332050): set_output_delay -clock [get_clocks {FPGA_CLK1_50}] -max 2.000 [get_ports {GPIO_M2_*}] File: /home/prabathbk/ads_bus/da-bus/Serial/constraints/ads_bus_system.sdc Line: 52
Warning (332054): Assignment set_output_delay is accepted but has some problems at ads_bus_system.sdc(52): Positional argument <targets> with value [get_ports {GPIO_M2_*}]: Port GPIO_M2_MODE is not an output port. File: /home/prabathbk/ads_bus/da-bus/Serial/constraints/ads_bus_system.sdc Line: 52
Warning (332054): Assignment set_output_delay is accepted but has some problems at ads_bus_system.sdc(52): Positional argument <targets> with value [get_ports {GPIO_M2_*}]: Port GPIO_M2_MVALID is not an output port. File: /home/prabathbk/ads_bus/da-bus/Serial/constraints/ads_bus_system.sdc Line: 52
Warning (332054): Assignment set_output_delay is accepted but has some problems at ads_bus_system.sdc(52): Positional argument <targets> with value [get_ports {GPIO_M2_*}]: Port GPIO_M2_BREQ is not an output port. File: /home/prabathbk/ads_bus/da-bus/Serial/constraints/ads_bus_system.sdc Line: 52
Info (332123): Deriving Clock Uncertainty. Please refer to report_sdc in the Timing Analyzer to see clock uncertainties.
Info (332129): Detected timing requirements -- optimizing circuit to achieve only the specified requirements
Info (332111): Found 1 clocks
    Info (332111):   Period   Clock Name
    Info (332111): ======== ============
    Info (332111):   20.000 FPGA_CLK1_50
Info (176235): Finished register packing
    Extra Info (176219): No registers were packed into other blocks
Info (128000): Starting physical synthesis optimizations for speed
Info (128002): Starting physical synthesis algorithm register retiming
Info (128003): Physical synthesis algorithm register retiming complete: estimated slack improvement of 0 ps
Info (128002): Starting physical synthesis algorithm combinational resynthesis using boolean division
Info (128003): Physical synthesis algorithm combinational resynthesis using boolean division complete: estimated slack improvement of 0 ps
Info (128002): Starting physical synthesis algorithm register retiming
Info (128003): Physical synthesis algorithm register retiming complete: estimated slack improvement of 4589 ps
Info (128002): Starting physical synthesis algorithm combinational resynthesis using boolean division
Info (128003): Physical synthesis algorithm combinational resynthesis using boolean division complete: estimated slack improvement of 0 ps
Info (128001): Physical synthesis optimizations for speed complete: elapsed time is 00:00:01
Info (176233): Starting register packing
Info (176235): Finished register packing
    Extra Info (176218): Packed 10 registers into blocks of type I/O output buffer
    Extra Info (176220): Created 9 register duplicates
Info (11798): Fitter preparation operations ending: elapsed time is 00:00:11
Info (170189): Fitter placement preparation operations beginning
Info (14951): The Fitter is using Advanced Physical Optimization.
Info (170190): Fitter placement preparation operations ending: elapsed time is 00:00:02
Info (170191): Fitter placement operations beginning
Info (170137): Fitter placement was successful
Info (170192): Fitter placement operations ending: elapsed time is 00:00:02
Info (170193): Fitter routing operations beginning
Info (170195): Router estimated average interconnect usage is 0% of the available device resources
    Info (170196): Router estimated peak interconnect usage is 6% of the available device resources in the region that extends from location X45_Y0 to location X55_Y10
Info (170194): Fitter routing operations ending: elapsed time is 00:00:04
Info (11888): Total time spent on timing analysis during the Fitter is 1.06 seconds.
Info (334003): Started post-fitting delay annotation
Info (334004): Delay annotation completed successfully
Info (334003): Started post-fitting delay annotation
Info (334004): Delay annotation completed successfully
Info (11801): Fitter post-fit operations ending: elapsed time is 00:00:06
Info (144001): Generated suppressed messages file /home/prabathbk/ads_bus/da-bus/Serial/quartus/ads_bus_system.fit.smsg
Info: Quartus Prime Fitter was successful. 0 errors, 39 warnings
    Info: Peak virtual memory: 2493 megabytes
    Info: Processing ended: Tue Oct 14 17:55:04 2025
    Info: Elapsed time: 00:00:38
    Info: Total CPU time (on all processors): 00:01:42
