Info: *******************************************************************
Info: Running Quartus Prime Analysis & Elaboration
    Info: Version 20.1.0 Build 711 06/05/2020 SJ Lite Edition
    Info: Copyright (C) 2020  Intel Corporation. All rights reserved.
    Info: Your use of Intel Corporation's design tools, logic functions 
    Info: and other software and tools, and any partner logic 
    Info: functions, and any output files from any of the foregoing 
    Info: (including device programming or simulation files), and any 
    Info: associated documentation or information are expressly subject 
    Info: to the terms and conditions of the Intel Program License 
    Info: Subscription Agreement, the Intel Quartus Prime License Agreement,
    Info: the Intel FPGA IP License Agreement, or other applicable license
    Info: agreement, including, without limitation, that your use is for
    Info: the sole purpose of programming logic devices manufactured by
    Info: Intel and sold by Intel or its authorized distributors.  Please
    Info: refer to the applicable agreement for further details, at
    Info: https://fpgasoftware.intel.com/eula.
    Info: Processing started: Tue Oct 14 17:49:10 2025
Info: Command: quartus_map ads_bus_system --analysis_and_elaboration
Info (16303): Aggressive Performance optimization mode selected -- timing performance will be prioritized at the potential cost of increased logic area and compilation time
Warning (18236): Number of processors has not been specified which may cause overloading on shared machines.  Set the global assignment NUM_PARALLEL_PROCESSORS in your QSF to an appropriate value for best performance.
Info (20030): Parallel compilation is enabled and will use 8 of the 8 processors detected
Info (12021): Found 1 design units, including 1 entities, in source file /home/prabathbk/ads_bus/da-bus/Serial/rtl/ads_bus_top.v
    Info (12023): Found entity 1: ads_bus_top File: /home/prabathbk/ads_bus/da-bus/Serial/rtl/ads_bus_top.v Line: 21
Info (12021): Found 1 design units, including 1 entities, in source file /home/prabathbk/ads_bus/da-bus/Serial/rtl/core/bus_m2_s3.v
    Info (12023): Found entity 1: bus_m2_s3 File: /home/prabathbk/ads_bus/da-bus/Serial/rtl/core/bus_m2_s3.v Line: 24
Info (12021): Found 1 design units, including 1 entities, in source file /home/prabathbk/ads_bus/da-bus/Serial/rtl/core/master_port.v
    Info (12023): Found entity 1: master_port File: /home/prabathbk/ads_bus/da-bus/Serial/rtl/core/master_port.v Line: 26
Info (12021): Found 1 design units, including 1 entities, in source file /home/prabathbk/ads_bus/da-bus/Serial/rtl/core/slave_port.v
    Info (12023): Found entity 1: slave_port File: /home/prabathbk/ads_bus/da-bus/Serial/rtl/core/slave_port.v Line: 26
Info (12021): Found 1 design units, including 1 entities, in source file /home/prabathbk/ads_bus/da-bus/Serial/rtl/core/slave.v
    Info (12023): Found entity 1: slave File: /home/prabathbk/ads_bus/da-bus/Serial/rtl/core/slave.v Line: 14
Info (12021): Found 1 design units, including 1 entities, in source file /home/prabathbk/ads_bus/da-bus/Serial/rtl/core/slave_memory_bram.v
    Info (12023): Found entity 1: slave_memory_bram File: /home/prabathbk/ads_bus/da-bus/Serial/rtl/core/slave_memory_bram.v Line: 14
Info (12021): Found 1 design units, including 1 entities, in source file /home/prabathbk/ads_bus/da-bus/Serial/rtl/core/arbiter.v
    Info (12023): Found entity 1: arbiter File: /home/prabathbk/ads_bus/da-bus/Serial/rtl/core/arbiter.v Line: 22
Info (12021): Found 1 design units, including 1 entities, in source file /home/prabathbk/ads_bus/da-bus/Serial/rtl/core/addr_decoder.v
    Info (12023): Found entity 1: addr_decoder File: /home/prabathbk/ads_bus/da-bus/Serial/rtl/core/addr_decoder.v Line: 31
Info (12021): Found 1 design units, including 1 entities, in source file /home/prabathbk/ads_bus/da-bus/Serial/rtl/core/mux2.v
    Info (12023): Found entity 1: mux2 File: /home/prabathbk/ads_bus/da-bus/Serial/rtl/core/mux2.v Line: 24
Info (12021): Found 1 design units, including 1 entities, in source file /home/prabathbk/ads_bus/da-bus/Serial/rtl/core/mux3.v
    Info (12023): Found entity 1: mux3 File: /home/prabathbk/ads_bus/da-bus/Serial/rtl/core/mux3.v Line: 25
Info (12021): Found 1 design units, including 1 entities, in source file /home/prabathbk/ads_bus/da-bus/Serial/rtl/core/dec3.v
    Info (12023): Found entity 1: dec3 File: /home/prabathbk/ads_bus/da-bus/Serial/rtl/core/dec3.v Line: 16
Info (12127): Elaborating entity "ads_bus_top" for the top level hierarchy
Info (12128): Elaborating entity "master_port" for hierarchy "master_port:master1_port" File: /home/prabathbk/ads_bus/da-bus/Serial/rtl/ads_bus_top.v Line: 326
Warning (10230): Verilog HDL assignment warning at master_port.v(175): truncated value with size 32 to match size of target (8) File: /home/prabathbk/ads_bus/da-bus/Serial/rtl/core/master_port.v Line: 175
Warning (10230): Verilog HDL assignment warning at master_port.v(181): truncated value with size 32 to match size of target (8) File: /home/prabathbk/ads_bus/da-bus/Serial/rtl/core/master_port.v Line: 181
Warning (10230): Verilog HDL assignment warning at master_port.v(190): truncated value with size 32 to match size of target (8) File: /home/prabathbk/ads_bus/da-bus/Serial/rtl/core/master_port.v Line: 190
Warning (10230): Verilog HDL assignment warning at master_port.v(205): truncated value with size 32 to match size of target (8) File: /home/prabathbk/ads_bus/da-bus/Serial/rtl/core/master_port.v Line: 205
Warning (10230): Verilog HDL assignment warning at master_port.v(231): truncated value with size 32 to match size of target (8) File: /home/prabathbk/ads_bus/da-bus/Serial/rtl/core/master_port.v Line: 231
Info (12128): Elaborating entity "bus_m2_s3" for hierarchy "bus_m2_s3:bus_inst" File: /home/prabathbk/ads_bus/da-bus/Serial/rtl/ads_bus_top.v Line: 422
Info (12128): Elaborating entity "arbiter" for hierarchy "bus_m2_s3:bus_inst|arbiter:bus_arbiter" File: /home/prabathbk/ads_bus/da-bus/Serial/rtl/core/bus_m2_s3.v Line: 153
Info (10264): Verilog HDL Case Statement information at arbiter.v(126): all case item expressions in this case statement are onehot File: /home/prabathbk/ads_bus/da-bus/Serial/rtl/core/arbiter.v Line: 126
Info (12128): Elaborating entity "addr_decoder" for hierarchy "bus_m2_s3:bus_inst|addr_decoder:decoder" File: /home/prabathbk/ads_bus/da-bus/Serial/rtl/core/bus_m2_s3.v Line: 186
Warning (10230): Verilog HDL assignment warning at addr_decoder.v(142): truncated value with size 32 to match size of target (4) File: /home/prabathbk/ads_bus/da-bus/Serial/rtl/core/addr_decoder.v Line: 142
Info (12128): Elaborating entity "dec3" for hierarchy "bus_m2_s3:bus_inst|addr_decoder:decoder|dec3:mvalid_decoder" File: /home/prabathbk/ads_bus/da-bus/Serial/rtl/core/addr_decoder.v Line: 79
Info (12128): Elaborating entity "mux2" for hierarchy "bus_m2_s3:bus_inst|mux2:wdata_mux" File: /home/prabathbk/ads_bus/da-bus/Serial/rtl/core/bus_m2_s3.v Line: 198
Info (12128): Elaborating entity "mux2" for hierarchy "bus_m2_s3:bus_inst|mux2:mctrl_mux" File: /home/prabathbk/ads_bus/da-bus/Serial/rtl/core/bus_m2_s3.v Line: 206
Info (12128): Elaborating entity "mux3" for hierarchy "bus_m2_s3:bus_inst|mux3:rdata_mux" File: /home/prabathbk/ads_bus/da-bus/Serial/rtl/core/bus_m2_s3.v Line: 219
Info (12128): Elaborating entity "slave" for hierarchy "slave:slave1_inst" File: /home/prabathbk/ads_bus/da-bus/Serial/rtl/ads_bus_top.v Line: 443
Info (12128): Elaborating entity "slave_port" for hierarchy "slave:slave1_inst|slave_port:sp" File: /home/prabathbk/ads_bus/da-bus/Serial/rtl/core/slave.v Line: 74
Warning (10230): Verilog HDL assignment warning at slave_port.v(147): truncated value with size 32 to match size of target (8) File: /home/prabathbk/ads_bus/da-bus/Serial/rtl/core/slave_port.v Line: 147
Warning (10230): Verilog HDL assignment warning at slave_port.v(164): truncated value with size 32 to match size of target (8) File: /home/prabathbk/ads_bus/da-bus/Serial/rtl/core/slave_port.v Line: 164
Warning (10230): Verilog HDL assignment warning at slave_port.v(194): truncated value with size 32 to match size of target (4) File: /home/prabathbk/ads_bus/da-bus/Serial/rtl/core/slave_port.v Line: 194
Warning (10230): Verilog HDL assignment warning at slave_port.v(236): truncated value with size 32 to match size of target (8) File: /home/prabathbk/ads_bus/da-bus/Serial/rtl/core/slave_port.v Line: 236
Warning (10230): Verilog HDL assignment warning at slave_port.v(260): truncated value with size 32 to match size of target (8) File: /home/prabathbk/ads_bus/da-bus/Serial/rtl/core/slave_port.v Line: 260
Info (12128): Elaborating entity "slave_memory_bram" for hierarchy "slave:slave1_inst|slave_memory_bram:sm" File: /home/prabathbk/ads_bus/da-bus/Serial/rtl/core/slave.v Line: 95
Info (12128): Elaborating entity "slave" for hierarchy "slave:slave2_inst" File: /home/prabathbk/ads_bus/da-bus/Serial/rtl/ads_bus_top.v Line: 464
Info (12128): Elaborating entity "slave_port" for hierarchy "slave:slave2_inst|slave_port:sp" File: /home/prabathbk/ads_bus/da-bus/Serial/rtl/core/slave.v Line: 74
Warning (10230): Verilog HDL assignment warning at slave_port.v(147): truncated value with size 32 to match size of target (8) File: /home/prabathbk/ads_bus/da-bus/Serial/rtl/core/slave_port.v Line: 147
Warning (10230): Verilog HDL assignment warning at slave_port.v(164): truncated value with size 32 to match size of target (8) File: /home/prabathbk/ads_bus/da-bus/Serial/rtl/core/slave_port.v Line: 164
Warning (10230): Verilog HDL assignment warning at slave_port.v(194): truncated value with size 32 to match size of target (4) File: /home/prabathbk/ads_bus/da-bus/Serial/rtl/core/slave_port.v Line: 194
Warning (10230): Verilog HDL assignment warning at slave_port.v(236): truncated value with size 32 to match size of target (8) File: /home/prabathbk/ads_bus/da-bus/Serial/rtl/core/slave_port.v Line: 236
Warning (10230): Verilog HDL assignment warning at slave_port.v(260): truncated value with size 32 to match size of target (8) File: /home/prabathbk/ads_bus/da-bus/Serial/rtl/core/slave_port.v Line: 260
Info (12128): Elaborating entity "slave_memory_bram" for hierarchy "slave:slave2_inst|slave_memory_bram:sm" File: /home/prabathbk/ads_bus/da-bus/Serial/rtl/core/slave.v Line: 95
Info (12128): Elaborating entity "slave" for hierarchy "slave:slave3_inst" File: /home/prabathbk/ads_bus/da-bus/Serial/rtl/ads_bus_top.v Line: 485
Info (12128): Elaborating entity "slave_port" for hierarchy "slave:slave3_inst|slave_port:sp" File: /home/prabathbk/ads_bus/da-bus/Serial/rtl/core/slave.v Line: 74
Warning (10230): Verilog HDL assignment warning at slave_port.v(147): truncated value with size 32 to match size of target (8) File: /home/prabathbk/ads_bus/da-bus/Serial/rtl/core/slave_port.v Line: 147
Warning (10230): Verilog HDL assignment warning at slave_port.v(164): truncated value with size 32 to match size of target (8) File: /home/prabathbk/ads_bus/da-bus/Serial/rtl/core/slave_port.v Line: 164
Warning (10230): Verilog HDL assignment warning at slave_port.v(194): truncated value with size 32 to match size of target (4) File: /home/prabathbk/ads_bus/da-bus/Serial/rtl/core/slave_port.v Line: 194
Warning (10230): Verilog HDL assignment warning at slave_port.v(236): truncated value with size 32 to match size of target (8) File: /home/prabathbk/ads_bus/da-bus/Serial/rtl/core/slave_port.v Line: 236
Warning (10230): Verilog HDL assignment warning at slave_port.v(260): truncated value with size 32 to match size of target (8) File: /home/prabathbk/ads_bus/da-bus/Serial/rtl/core/slave_port.v Line: 260
Info: Quartus Prime Analysis & Elaboration was successful. 0 errors, 22 warnings
    Info: Peak virtual memory: 732 megabytes
    Info: Processing ended: Tue Oct 14 17:49:18 2025
    Info: Elapsed time: 00:00:08
    Info: Total CPU time (on all processors): 00:00:19
